<?xml version="1.0" encoding="UTF-8"?>
<testsuite xmlns:xsi="http://www.w3.org/2001/XMLSchema-instance" xsi:noNamespaceSchemaLocation="https://maven.apache.org/surefire/maven-surefire-plugin/xsd/surefire-test-report.xsd" name="com.wl.springboot_pe_2211.SpringbootPe2211ApplicationTests" time="8.071" tests="1" errors="0" skipped="0" failures="0">
  <properties>
    <property name="sun.desktop" value="windows"/>
    <property name="awt.toolkit" value="sun.awt.windows.WToolkit"/>
    <property name="file.encoding.pkg" value="sun.io"/>
    <property name="java.specification.version" value="1.8"/>
    <property name="sun.cpu.isalist" value="amd64"/>
    <property name="sun.jnu.encoding" value="GBK"/>
    <property name="java.class.path" value="D:\software\ideaworkspace\springboot_pe_2211\target\test-classes;D:\software\ideaworkspace\springboot_pe_2211\target\classes;D:\software\mavenLocalRepository\org\springframework\boot\spring-boot-starter-web\2.5.0\spring-boot-starter-web-2.5.0.jar;D:\software\mavenLocalRepository\org\springframework\boot\spring-boot-starter\2.5.0\spring-boot-starter-2.5.0.jar;D:\software\mavenLocalRepository\org\springframework\boot\spring-boot\2.5.0\spring-boot-2.5.0.jar;D:\software\mavenLocalRepository\org\springframework\boot\spring-boot-starter-logging\2.5.0\spring-boot-starter-logging-2.5.0.jar;D:\software\mavenLocalRepository\ch\qos\logback\logback-classic\1.2.3\logback-classic-1.2.3.jar;D:\software\mavenLocalRepository\ch\qos\logback\logback-core\1.2.3\logback-core-1.2.3.jar;D:\software\mavenLocalRepository\org\apache\logging\log4j\log4j-to-slf4j\2.14.1\log4j-to-slf4j-2.14.1.jar;D:\software\mavenLocalRepository\org\apache\logging\log4j\log4j-api\2.14.1\log4j-api-2.14.1.jar;D:\software\mavenLocalRepository\org\slf4j\jul-to-slf4j\1.7.30\jul-to-slf4j-1.7.30.jar;D:\software\mavenLocalRepository\jakarta\annotation\jakarta.annotation-api\1.3.5\jakarta.annotation-api-1.3.5.jar;D:\software\mavenLocalRepository\org\yaml\snakeyaml\1.28\snakeyaml-1.28.jar;D:\software\mavenLocalRepository\org\springframework\boot\spring-boot-starter-json\2.5.0\spring-boot-starter-json-2.5.0.jar;D:\software\mavenLocalRepository\com\fasterxml\jackson\datatype\jackson-datatype-jdk8\2.12.3\jackson-datatype-jdk8-2.12.3.jar;D:\software\mavenLocalRepository\com\fasterxml\jackson\datatype\jackson-datatype-jsr310\2.12.3\jackson-datatype-jsr310-2.12.3.jar;D:\software\mavenLocalRepository\com\fasterxml\jackson\module\jackson-module-parameter-names\2.12.3\jackson-module-parameter-names-2.12.3.jar;D:\software\mavenLocalRepository\org\springframework\boot\spring-boot-starter-tomcat\2.5.0\spring-boot-starter-tomcat-2.5.0.jar;D:\software\mavenLocalRepository\org\apache\tomcat\embed\tomcat-embed-core\9.0.46\tomcat-embed-core-9.0.46.jar;D:\software\mavenLocalRepository\org\apache\tomcat\embed\tomcat-embed-el\9.0.46\tomcat-embed-el-9.0.46.jar;D:\software\mavenLocalRepository\org\apache\tomcat\embed\tomcat-embed-websocket\9.0.46\tomcat-embed-websocket-9.0.46.jar;D:\software\mavenLocalRepository\org\springframework\spring-web\5.3.7\spring-web-5.3.7.jar;D:\software\mavenLocalRepository\org\springframework\spring-beans\5.3.7\spring-beans-5.3.7.jar;D:\software\mavenLocalRepository\org\springframework\spring-webmvc\5.3.7\spring-webmvc-5.3.7.jar;D:\software\mavenLocalRepository\org\springframework\spring-aop\5.3.7\spring-aop-5.3.7.jar;D:\software\mavenLocalRepository\org\springframework\spring-context\5.3.7\spring-context-5.3.7.jar;D:\software\mavenLocalRepository\org\springframework\spring-expression\5.3.7\spring-expression-5.3.7.jar;D:\software\mavenLocalRepository\org\springframework\boot\spring-boot-starter-test\2.5.0\spring-boot-starter-test-2.5.0.jar;D:\software\mavenLocalRepository\org\springframework\boot\spring-boot-test\2.5.0\spring-boot-test-2.5.0.jar;D:\software\mavenLocalRepository\org\springframework\boot\spring-boot-test-autoconfigure\2.5.0\spring-boot-test-autoconfigure-2.5.0.jar;D:\software\mavenLocalRepository\com\jayway\jsonpath\json-path\2.5.0\json-path-2.5.0.jar;D:\software\mavenLocalRepository\net\minidev\json-smart\2.4.7\json-smart-2.4.7.jar;D:\software\mavenLocalRepository\net\minidev\accessors-smart\2.4.7\accessors-smart-2.4.7.jar;D:\software\mavenLocalRepository\org\ow2\asm\asm\9.1\asm-9.1.jar;D:\software\mavenLocalRepository\jakarta\xml\bind\jakarta.xml.bind-api\2.3.3\jakarta.xml.bind-api-2.3.3.jar;D:\software\mavenLocalRepository\jakarta\activation\jakarta.activation-api\1.2.2\jakarta.activation-api-1.2.2.jar;D:\software\mavenLocalRepository\org\assertj\assertj-core\3.19.0\assertj-core-3.19.0.jar;D:\software\mavenLocalRepository\org\hamcrest\hamcrest\2.2\hamcrest-2.2.jar;D:\software\mavenLocalRepository\org\junit\jupiter\junit-jupiter\5.7.2\junit-jupiter-5.7.2.jar;D:\software\mavenLocalRepository\org\junit\jupiter\junit-jupiter-api\5.7.2\junit-jupiter-api-5.7.2.jar;D:\software\mavenLocalRepository\org\apiguardian\apiguardian-api\1.1.0\apiguardian-api-1.1.0.jar;D:\software\mavenLocalRepository\org\opentest4j\opentest4j\1.2.0\opentest4j-1.2.0.jar;D:\software\mavenLocalRepository\org\junit\platform\junit-platform-commons\1.7.2\junit-platform-commons-1.7.2.jar;D:\software\mavenLocalRepository\org\junit\jupiter\junit-jupiter-params\5.7.2\junit-jupiter-params-5.7.2.jar;D:\software\mavenLocalRepository\org\junit\jupiter\junit-jupiter-engine\5.7.2\junit-jupiter-engine-5.7.2.jar;D:\software\mavenLocalRepository\org\junit\platform\junit-platform-engine\1.7.2\junit-platform-engine-1.7.2.jar;D:\software\mavenLocalRepository\org\mockito\mockito-core\3.9.0\mockito-core-3.9.0.jar;D:\software\mavenLocalRepository\net\bytebuddy\byte-buddy\1.10.22\byte-buddy-1.10.22.jar;D:\software\mavenLocalRepository\net\bytebuddy\byte-buddy-agent\1.10.22\byte-buddy-agent-1.10.22.jar;D:\software\mavenLocalRepository\org\objenesis\objenesis\3.2\objenesis-3.2.jar;D:\software\mavenLocalRepository\org\mockito\mockito-junit-jupiter\3.9.0\mockito-junit-jupiter-3.9.0.jar;D:\software\mavenLocalRepository\org\skyscreamer\jsonassert\1.5.0\jsonassert-1.5.0.jar;D:\software\mavenLocalRepository\com\vaadin\external\google\android-json\0.0.20131108.vaadin1\android-json-0.0.20131108.vaadin1.jar;D:\software\mavenLocalRepository\org\springframework\spring-core\5.3.7\spring-core-5.3.7.jar;D:\software\mavenLocalRepository\org\springframework\spring-jcl\5.3.7\spring-jcl-5.3.7.jar;D:\software\mavenLocalRepository\org\springframework\spring-test\5.3.7\spring-test-5.3.7.jar;D:\software\mavenLocalRepository\org\xmlunit\xmlunit-core\2.8.2\xmlunit-core-2.8.2.jar;D:\software\mavenLocalRepository\mysql\mysql-connector-java\5.1.47\mysql-connector-java-5.1.47.jar;D:\software\mavenLocalRepository\org\quartz-scheduler\quartz\2.3.0\quartz-2.3.0.jar;D:\software\mavenLocalRepository\com\mchange\mchange-commons-java\0.2.11\mchange-commons-java-0.2.11.jar;D:\software\mavenLocalRepository\org\slf4j\slf4j-api\1.7.30\slf4j-api-1.7.30.jar;D:\software\mavenLocalRepository\com\alibaba\druid\1.1.21\druid-1.1.21.jar;D:\software\mavenLocalRepository\com\baomidou\mybatis-plus-boot-starter\3.4.3\mybatis-plus-boot-starter-3.4.3.jar;D:\software\mavenLocalRepository\com\baomidou\mybatis-plus\3.4.3\mybatis-plus-3.4.3.jar;D:\software\mavenLocalRepository\org\springframework\boot\spring-boot-autoconfigure\2.5.0\spring-boot-autoconfigure-2.5.0.jar;D:\software\mavenLocalRepository\org\springframework\boot\spring-boot-starter-jdbc\2.5.0\spring-boot-starter-jdbc-2.5.0.jar;D:\software\mavenLocalRepository\com\zaxxer\HikariCP\4.0.3\HikariCP-4.0.3.jar;D:\software\mavenLocalRepository\org\springframework\spring-jdbc\5.3.7\spring-jdbc-5.3.7.jar;D:\software\mavenLocalRepository\org\projectlombok\lombok\1.18.20\lombok-1.18.20.jar;D:\software\mavenLocalRepository\com\fasterxml\jackson\core\jackson-databind\2.12.3\jackson-databind-2.12.3.jar;D:\software\mavenLocalRepository\com\fasterxml\jackson\core\jackson-annotations\2.12.3\jackson-annotations-2.12.3.jar;D:\software\mavenLocalRepository\com\fasterxml\jackson\core\jackson-core\2.12.3\jackson-core-2.12.3.jar;D:\software\mavenLocalRepository\org\springframework\boot\spring-boot-starter-data-redis\2.5.0\spring-boot-starter-data-redis-2.5.0.jar;D:\software\mavenLocalRepository\org\springframework\data\spring-data-redis\2.5.1\spring-data-redis-2.5.1.jar;D:\software\mavenLocalRepository\org\springframework\data\spring-data-keyvalue\2.5.1\spring-data-keyvalue-2.5.1.jar;D:\software\mavenLocalRepository\org\springframework\data\spring-data-commons\2.5.1\spring-data-commons-2.5.1.jar;D:\software\mavenLocalRepository\org\springframework\spring-tx\5.3.7\spring-tx-5.3.7.jar;D:\software\mavenLocalRepository\org\springframework\spring-oxm\5.3.7\spring-oxm-5.3.7.jar;D:\software\mavenLocalRepository\org\springframework\spring-context-support\5.3.7\spring-context-support-5.3.7.jar;D:\software\mavenLocalRepository\io\lettuce\lettuce-core\6.1.2.RELEASE\lettuce-core-6.1.2.RELEASE.jar;D:\software\mavenLocalRepository\io\netty\netty-common\4.1.65.Final\netty-common-4.1.65.Final.jar;D:\software\mavenLocalRepository\io\netty\netty-handler\4.1.65.Final\netty-handler-4.1.65.Final.jar;D:\software\mavenLocalRepository\io\netty\netty-resolver\4.1.65.Final\netty-resolver-4.1.65.Final.jar;D:\software\mavenLocalRepository\io\netty\netty-buffer\4.1.65.Final\netty-buffer-4.1.65.Final.jar;D:\software\mavenLocalRepository\io\netty\netty-codec\4.1.65.Final\netty-codec-4.1.65.Final.jar;D:\software\mavenLocalRepository\io\netty\netty-transport\4.1.65.Final\netty-transport-4.1.65.Final.jar;D:\software\mavenLocalRepository\io\projectreactor\reactor-core\3.4.6\reactor-core-3.4.6.jar;D:\software\mavenLocalRepository\org\reactivestreams\reactive-streams\1.0.3\reactive-streams-1.0.3.jar;D:\software\mavenLocalRepository\com\baomidou\mybatis-plus-generator\3.4.1\mybatis-plus-generator-3.4.1.jar;D:\software\mavenLocalRepository\com\baomidou\mybatis-plus-extension\3.4.1\mybatis-plus-extension-3.4.1.jar;D:\software\mavenLocalRepository\com\baomidou\mybatis-plus-core\3.4.1\mybatis-plus-core-3.4.1.jar;D:\software\mavenLocalRepository\com\baomidou\mybatis-plus-annotation\3.4.1\mybatis-plus-annotation-3.4.1.jar;D:\software\mavenLocalRepository\com\github\jsqlparser\jsqlparser\3.2\jsqlparser-3.2.jar;D:\software\mavenLocalRepository\org\mybatis\mybatis\3.5.6\mybatis-3.5.6.jar;D:\software\mavenLocalRepository\org\mybatis\mybatis-spring\2.0.5\mybatis-spring-2.0.5.jar;D:\software\mavenLocalRepository\org\apache\poi\poi-ooxml\3.14\poi-ooxml-3.14.jar;D:\software\mavenLocalRepository\org\apache\poi\poi\3.14\poi-3.14.jar;D:\software\mavenLocalRepository\commons-codec\commons-codec\1.15\commons-codec-1.15.jar;D:\software\mavenLocalRepository\org\apache\poi\poi-ooxml-schemas\3.14\poi-ooxml-schemas-3.14.jar;D:\software\mavenLocalRepository\org\apache\xmlbeans\xmlbeans\2.6.0\xmlbeans-2.6.0.jar;D:\software\mavenLocalRepository\stax\stax-api\1.0.1\stax-api-1.0.1.jar;D:\software\mavenLocalRepository\com\github\virtuald\curvesapi\1.03\curvesapi-1.03.jar;D:\software\mavenLocalRepository\org\apache\velocity\velocity-engine-core\2.3\velocity-engine-core-2.3.jar;D:\software\mavenLocalRepository\org\apache\commons\commons-lang3\3.12.0\commons-lang3-3.12.0.jar;D:\software\mavenLocalRepository\com\github\xiaoymin\knife4j-spring-boot-starter\3.0.2\knife4j-spring-boot-starter-3.0.2.jar;D:\software\mavenLocalRepository\com\github\xiaoymin\knife4j-spring-boot-autoconfigure\3.0.2\knife4j-spring-boot-autoconfigure-3.0.2.jar;D:\software\mavenLocalRepository\com\github\xiaoymin\knife4j-spring\3.0.2\knife4j-spring-3.0.2.jar;D:\software\mavenLocalRepository\com\github\xiaoymin\knife4j-annotations\3.0.2\knife4j-annotations-3.0.2.jar;D:\software\mavenLocalRepository\io\swagger\swagger-annotations\1.5.22\swagger-annotations-1.5.22.jar;D:\software\mavenLocalRepository\io\swagger\core\v3\swagger-annotations\2.1.2\swagger-annotations-2.1.2.jar;D:\software\mavenLocalRepository\com\github\xiaoymin\knife4j-core\3.0.2\knife4j-core-3.0.2.jar;D:\software\mavenLocalRepository\org\javassist\javassist\3.25.0-GA\javassist-3.25.0-GA.jar;D:\software\mavenLocalRepository\io\springfox\springfox-swagger2\3.0.0\springfox-swagger2-3.0.0.jar;D:\software\mavenLocalRepository\io\springfox\springfox-spi\3.0.0\springfox-spi-3.0.0.jar;D:\software\mavenLocalRepository\io\springfox\springfox-schema\3.0.0\springfox-schema-3.0.0.jar;D:\software\mavenLocalRepository\io\springfox\springfox-swagger-common\3.0.0\springfox-swagger-common-3.0.0.jar;D:\software\mavenLocalRepository\io\springfox\springfox-spring-web\3.0.0\springfox-spring-web-3.0.0.jar;D:\software\mavenLocalRepository\io\github\classgraph\classgraph\4.8.83\classgraph-4.8.83.jar;D:\software\mavenLocalRepository\io\springfox\springfox-spring-webflux\3.0.0\springfox-spring-webflux-3.0.0.jar;D:\software\mavenLocalRepository\org\mapstruct\mapstruct\1.3.1.Final\mapstruct-1.3.1.Final.jar;D:\software\mavenLocalRepository\io\springfox\springfox-spring-webmvc\3.0.0\springfox-spring-webmvc-3.0.0.jar;D:\software\mavenLocalRepository\io\springfox\springfox-core\3.0.0\springfox-core-3.0.0.jar;D:\software\mavenLocalRepository\io\springfox\springfox-oas\3.0.0\springfox-oas-3.0.0.jar;D:\software\mavenLocalRepository\io\swagger\core\v3\swagger-models\2.1.2\swagger-models-2.1.2.jar;D:\software\mavenLocalRepository\io\springfox\springfox-bean-validators\3.0.0\springfox-bean-validators-3.0.0.jar;D:\software\mavenLocalRepository\io\swagger\swagger-models\1.5.22\swagger-models-1.5.22.jar;D:\software\mavenLocalRepository\io\swagger\swagger-core\1.5.22\swagger-core-1.5.22.jar;D:\software\mavenLocalRepository\com\fasterxml\jackson\dataformat\jackson-dataformat-yaml\2.12.3\jackson-dataformat-yaml-2.12.3.jar;D:\software\mavenLocalRepository\com\google\guava\guava\27.0.1-android\guava-27.0.1-android.jar;D:\software\mavenLocalRepository\com\google\guava\failureaccess\1.0.1\failureaccess-1.0.1.jar;D:\software\mavenLocalRepository\com\google\guava\listenablefuture\9999.0-empty-to-avoid-conflict-with-guava\listenablefuture-9999.0-empty-to-avoid-conflict-with-guava.jar;D:\software\mavenLocalRepository\com\google\code\findbugs\jsr305\3.0.2\jsr305-3.0.2.jar;D:\software\mavenLocalRepository\org\checkerframework\checker-compat-qual\2.5.2\checker-compat-qual-2.5.2.jar;D:\software\mavenLocalRepository\com\google\errorprone\error_prone_annotations\2.2.0\error_prone_annotations-2.2.0.jar;D:\software\mavenLocalRepository\com\google\j2objc\j2objc-annotations\1.1\j2objc-annotations-1.1.jar;D:\software\mavenLocalRepository\org\codehaus\mojo\animal-sniffer-annotations\1.17\animal-sniffer-annotations-1.17.jar;D:\software\mavenLocalRepository\javax\validation\validation-api\2.0.1.Final\validation-api-2.0.1.Final.jar;D:\software\mavenLocalRepository\io\springfox\springfox-boot-starter\3.0.0\springfox-boot-starter-3.0.0.jar;D:\software\mavenLocalRepository\io\springfox\springfox-data-rest\3.0.0\springfox-data-rest-3.0.0.jar;D:\software\mavenLocalRepository\com\fasterxml\classmate\1.5.1\classmate-1.5.1.jar;D:\software\mavenLocalRepository\org\springframework\plugin\spring-plugin-core\2.0.0.RELEASE\spring-plugin-core-2.0.0.RELEASE.jar;D:\software\mavenLocalRepository\org\springframework\plugin\spring-plugin-metadata\2.0.0.RELEASE\spring-plugin-metadata-2.0.0.RELEASE.jar;D:\software\mavenLocalRepository\com\github\xiaoymin\knife4j-spring-ui\3.0.2\knife4j-spring-ui-3.0.2.jar;"/>
    <property name="java.vm.vendor" value="Oracle Corporation"/>
    <property name="sun.arch.data.model" value="64"/>
    <property name="user.variant" value=""/>
    <property name="java.vendor.url" value="http://java.oracle.com/"/>
    <property name="user.timezone" value="Asia/Shanghai"/>
    <property name="java.vm.specification.version" value="1.8"/>
    <property name="os.name" value="Windows 10"/>
    <property name="user.country" value="CN"/>
    <property name="sun.java.launcher" value="SUN_STANDARD"/>
    <property name="sun.boot.library.path" value="D:\Java\jdk1.8.0_191\jre\bin"/>
    <property name="sun.java.command" value="C:\Users\Administrator\AppData\Local\Temp\surefire8442702690247097670\surefirebooter9005902022851885744.jar C:\Users\Administrator\AppData\Local\Temp\surefire8442702690247097670 2025-06-04T08-45-45_714-jvmRun1 surefire8871386481651692041tmp surefire_01283585463599354450tmp"/>
    <property name="surefire.test.class.path" value="D:\software\ideaworkspace\springboot_pe_2211\target\test-classes;D:\software\ideaworkspace\springboot_pe_2211\target\classes;D:\software\mavenLocalRepository\org\springframework\boot\spring-boot-starter-web\2.5.0\spring-boot-starter-web-2.5.0.jar;D:\software\mavenLocalRepository\org\springframework\boot\spring-boot-starter\2.5.0\spring-boot-starter-2.5.0.jar;D:\software\mavenLocalRepository\org\springframework\boot\spring-boot\2.5.0\spring-boot-2.5.0.jar;D:\software\mavenLocalRepository\org\springframework\boot\spring-boot-starter-logging\2.5.0\spring-boot-starter-logging-2.5.0.jar;D:\software\mavenLocalRepository\ch\qos\logback\logback-classic\1.2.3\logback-classic-1.2.3.jar;D:\software\mavenLocalRepository\ch\qos\logback\logback-core\1.2.3\logback-core-1.2.3.jar;D:\software\mavenLocalRepository\org\apache\logging\log4j\log4j-to-slf4j\2.14.1\log4j-to-slf4j-2.14.1.jar;D:\software\mavenLocalRepository\org\apache\logging\log4j\log4j-api\2.14.1\log4j-api-2.14.1.jar;D:\software\mavenLocalRepository\org\slf4j\jul-to-slf4j\1.7.30\jul-to-slf4j-1.7.30.jar;D:\software\mavenLocalRepository\jakarta\annotation\jakarta.annotation-api\1.3.5\jakarta.annotation-api-1.3.5.jar;D:\software\mavenLocalRepository\org\yaml\snakeyaml\1.28\snakeyaml-1.28.jar;D:\software\mavenLocalRepository\org\springframework\boot\spring-boot-starter-json\2.5.0\spring-boot-starter-json-2.5.0.jar;D:\software\mavenLocalRepository\com\fasterxml\jackson\datatype\jackson-datatype-jdk8\2.12.3\jackson-datatype-jdk8-2.12.3.jar;D:\software\mavenLocalRepository\com\fasterxml\jackson\datatype\jackson-datatype-jsr310\2.12.3\jackson-datatype-jsr310-2.12.3.jar;D:\software\mavenLocalRepository\com\fasterxml\jackson\module\jackson-module-parameter-names\2.12.3\jackson-module-parameter-names-2.12.3.jar;D:\software\mavenLocalRepository\org\springframework\boot\spring-boot-starter-tomcat\2.5.0\spring-boot-starter-tomcat-2.5.0.jar;D:\software\mavenLocalRepository\org\apache\tomcat\embed\tomcat-embed-core\9.0.46\tomcat-embed-core-9.0.46.jar;D:\software\mavenLocalRepository\org\apache\tomcat\embed\tomcat-embed-el\9.0.46\tomcat-embed-el-9.0.46.jar;D:\software\mavenLocalRepository\org\apache\tomcat\embed\tomcat-embed-websocket\9.0.46\tomcat-embed-websocket-9.0.46.jar;D:\software\mavenLocalRepository\org\springframework\spring-web\5.3.7\spring-web-5.3.7.jar;D:\software\mavenLocalRepository\org\springframework\spring-beans\5.3.7\spring-beans-5.3.7.jar;D:\software\mavenLocalRepository\org\springframework\spring-webmvc\5.3.7\spring-webmvc-5.3.7.jar;D:\software\mavenLocalRepository\org\springframework\spring-aop\5.3.7\spring-aop-5.3.7.jar;D:\software\mavenLocalRepository\org\springframework\spring-context\5.3.7\spring-context-5.3.7.jar;D:\software\mavenLocalRepository\org\springframework\spring-expression\5.3.7\spring-expression-5.3.7.jar;D:\software\mavenLocalRepository\org\springframework\boot\spring-boot-starter-test\2.5.0\spring-boot-starter-test-2.5.0.jar;D:\software\mavenLocalRepository\org\springframework\boot\spring-boot-test\2.5.0\spring-boot-test-2.5.0.jar;D:\software\mavenLocalRepository\org\springframework\boot\spring-boot-test-autoconfigure\2.5.0\spring-boot-test-autoconfigure-2.5.0.jar;D:\software\mavenLocalRepository\com\jayway\jsonpath\json-path\2.5.0\json-path-2.5.0.jar;D:\software\mavenLocalRepository\net\minidev\json-smart\2.4.7\json-smart-2.4.7.jar;D:\software\mavenLocalRepository\net\minidev\accessors-smart\2.4.7\accessors-smart-2.4.7.jar;D:\software\mavenLocalRepository\org\ow2\asm\asm\9.1\asm-9.1.jar;D:\software\mavenLocalRepository\jakarta\xml\bind\jakarta.xml.bind-api\2.3.3\jakarta.xml.bind-api-2.3.3.jar;D:\software\mavenLocalRepository\jakarta\activation\jakarta.activation-api\1.2.2\jakarta.activation-api-1.2.2.jar;D:\software\mavenLocalRepository\org\assertj\assertj-core\3.19.0\assertj-core-3.19.0.jar;D:\software\mavenLocalRepository\org\hamcrest\hamcrest\2.2\hamcrest-2.2.jar;D:\software\mavenLocalRepository\org\junit\jupiter\junit-jupiter\5.7.2\junit-jupiter-5.7.2.jar;D:\software\mavenLocalRepository\org\junit\jupiter\junit-jupiter-api\5.7.2\junit-jupiter-api-5.7.2.jar;D:\software\mavenLocalRepository\org\apiguardian\apiguardian-api\1.1.0\apiguardian-api-1.1.0.jar;D:\software\mavenLocalRepository\org\opentest4j\opentest4j\1.2.0\opentest4j-1.2.0.jar;D:\software\mavenLocalRepository\org\junit\platform\junit-platform-commons\1.7.2\junit-platform-commons-1.7.2.jar;D:\software\mavenLocalRepository\org\junit\jupiter\junit-jupiter-params\5.7.2\junit-jupiter-params-5.7.2.jar;D:\software\mavenLocalRepository\org\junit\jupiter\junit-jupiter-engine\5.7.2\junit-jupiter-engine-5.7.2.jar;D:\software\mavenLocalRepository\org\junit\platform\junit-platform-engine\1.7.2\junit-platform-engine-1.7.2.jar;D:\software\mavenLocalRepository\org\mockito\mockito-core\3.9.0\mockito-core-3.9.0.jar;D:\software\mavenLocalRepository\net\bytebuddy\byte-buddy\1.10.22\byte-buddy-1.10.22.jar;D:\software\mavenLocalRepository\net\bytebuddy\byte-buddy-agent\1.10.22\byte-buddy-agent-1.10.22.jar;D:\software\mavenLocalRepository\org\objenesis\objenesis\3.2\objenesis-3.2.jar;D:\software\mavenLocalRepository\org\mockito\mockito-junit-jupiter\3.9.0\mockito-junit-jupiter-3.9.0.jar;D:\software\mavenLocalRepository\org\skyscreamer\jsonassert\1.5.0\jsonassert-1.5.0.jar;D:\software\mavenLocalRepository\com\vaadin\external\google\android-json\0.0.20131108.vaadin1\android-json-0.0.20131108.vaadin1.jar;D:\software\mavenLocalRepository\org\springframework\spring-core\5.3.7\spring-core-5.3.7.jar;D:\software\mavenLocalRepository\org\springframework\spring-jcl\5.3.7\spring-jcl-5.3.7.jar;D:\software\mavenLocalRepository\org\springframework\spring-test\5.3.7\spring-test-5.3.7.jar;D:\software\mavenLocalRepository\org\xmlunit\xmlunit-core\2.8.2\xmlunit-core-2.8.2.jar;D:\software\mavenLocalRepository\mysql\mysql-connector-java\5.1.47\mysql-connector-java-5.1.47.jar;D:\software\mavenLocalRepository\org\quartz-scheduler\quartz\2.3.0\quartz-2.3.0.jar;D:\software\mavenLocalRepository\com\mchange\mchange-commons-java\0.2.11\mchange-commons-java-0.2.11.jar;D:\software\mavenLocalRepository\org\slf4j\slf4j-api\1.7.30\slf4j-api-1.7.30.jar;D:\software\mavenLocalRepository\com\alibaba\druid\1.1.21\druid-1.1.21.jar;D:\software\mavenLocalRepository\com\baomidou\mybatis-plus-boot-starter\3.4.3\mybatis-plus-boot-starter-3.4.3.jar;D:\software\mavenLocalRepository\com\baomidou\mybatis-plus\3.4.3\mybatis-plus-3.4.3.jar;D:\software\mavenLocalRepository\org\springframework\boot\spring-boot-autoconfigure\2.5.0\spring-boot-autoconfigure-2.5.0.jar;D:\software\mavenLocalRepository\org\springframework\boot\spring-boot-starter-jdbc\2.5.0\spring-boot-starter-jdbc-2.5.0.jar;D:\software\mavenLocalRepository\com\zaxxer\HikariCP\4.0.3\HikariCP-4.0.3.jar;D:\software\mavenLocalRepository\org\springframework\spring-jdbc\5.3.7\spring-jdbc-5.3.7.jar;D:\software\mavenLocalRepository\org\projectlombok\lombok\1.18.20\lombok-1.18.20.jar;D:\software\mavenLocalRepository\com\fasterxml\jackson\core\jackson-databind\2.12.3\jackson-databind-2.12.3.jar;D:\software\mavenLocalRepository\com\fasterxml\jackson\core\jackson-annotations\2.12.3\jackson-annotations-2.12.3.jar;D:\software\mavenLocalRepository\com\fasterxml\jackson\core\jackson-core\2.12.3\jackson-core-2.12.3.jar;D:\software\mavenLocalRepository\org\springframework\boot\spring-boot-starter-data-redis\2.5.0\spring-boot-starter-data-redis-2.5.0.jar;D:\software\mavenLocalRepository\org\springframework\data\spring-data-redis\2.5.1\spring-data-redis-2.5.1.jar;D:\software\mavenLocalRepository\org\springframework\data\spring-data-keyvalue\2.5.1\spring-data-keyvalue-2.5.1.jar;D:\software\mavenLocalRepository\org\springframework\data\spring-data-commons\2.5.1\spring-data-commons-2.5.1.jar;D:\software\mavenLocalRepository\org\springframework\spring-tx\5.3.7\spring-tx-5.3.7.jar;D:\software\mavenLocalRepository\org\springframework\spring-oxm\5.3.7\spring-oxm-5.3.7.jar;D:\software\mavenLocalRepository\org\springframework\spring-context-support\5.3.7\spring-context-support-5.3.7.jar;D:\software\mavenLocalRepository\io\lettuce\lettuce-core\6.1.2.RELEASE\lettuce-core-6.1.2.RELEASE.jar;D:\software\mavenLocalRepository\io\netty\netty-common\4.1.65.Final\netty-common-4.1.65.Final.jar;D:\software\mavenLocalRepository\io\netty\netty-handler\4.1.65.Final\netty-handler-4.1.65.Final.jar;D:\software\mavenLocalRepository\io\netty\netty-resolver\4.1.65.Final\netty-resolver-4.1.65.Final.jar;D:\software\mavenLocalRepository\io\netty\netty-buffer\4.1.65.Final\netty-buffer-4.1.65.Final.jar;D:\software\mavenLocalRepository\io\netty\netty-codec\4.1.65.Final\netty-codec-4.1.65.Final.jar;D:\software\mavenLocalRepository\io\netty\netty-transport\4.1.65.Final\netty-transport-4.1.65.Final.jar;D:\software\mavenLocalRepository\io\projectreactor\reactor-core\3.4.6\reactor-core-3.4.6.jar;D:\software\mavenLocalRepository\org\reactivestreams\reactive-streams\1.0.3\reactive-streams-1.0.3.jar;D:\software\mavenLocalRepository\com\baomidou\mybatis-plus-generator\3.4.1\mybatis-plus-generator-3.4.1.jar;D:\software\mavenLocalRepository\com\baomidou\mybatis-plus-extension\3.4.1\mybatis-plus-extension-3.4.1.jar;D:\software\mavenLocalRepository\com\baomidou\mybatis-plus-core\3.4.1\mybatis-plus-core-3.4.1.jar;D:\software\mavenLocalRepository\com\baomidou\mybatis-plus-annotation\3.4.1\mybatis-plus-annotation-3.4.1.jar;D:\software\mavenLocalRepository\com\github\jsqlparser\jsqlparser\3.2\jsqlparser-3.2.jar;D:\software\mavenLocalRepository\org\mybatis\mybatis\3.5.6\mybatis-3.5.6.jar;D:\software\mavenLocalRepository\org\mybatis\mybatis-spring\2.0.5\mybatis-spring-2.0.5.jar;D:\software\mavenLocalRepository\org\apache\poi\poi-ooxml\3.14\poi-ooxml-3.14.jar;D:\software\mavenLocalRepository\org\apache\poi\poi\3.14\poi-3.14.jar;D:\software\mavenLocalRepository\commons-codec\commons-codec\1.15\commons-codec-1.15.jar;D:\software\mavenLocalRepository\org\apache\poi\poi-ooxml-schemas\3.14\poi-ooxml-schemas-3.14.jar;D:\software\mavenLocalRepository\org\apache\xmlbeans\xmlbeans\2.6.0\xmlbeans-2.6.0.jar;D:\software\mavenLocalRepository\stax\stax-api\1.0.1\stax-api-1.0.1.jar;D:\software\mavenLocalRepository\com\github\virtuald\curvesapi\1.03\curvesapi-1.03.jar;D:\software\mavenLocalRepository\org\apache\velocity\velocity-engine-core\2.3\velocity-engine-core-2.3.jar;D:\software\mavenLocalRepository\org\apache\commons\commons-lang3\3.12.0\commons-lang3-3.12.0.jar;D:\software\mavenLocalRepository\com\github\xiaoymin\knife4j-spring-boot-starter\3.0.2\knife4j-spring-boot-starter-3.0.2.jar;D:\software\mavenLocalRepository\com\github\xiaoymin\knife4j-spring-boot-autoconfigure\3.0.2\knife4j-spring-boot-autoconfigure-3.0.2.jar;D:\software\mavenLocalRepository\com\github\xiaoymin\knife4j-spring\3.0.2\knife4j-spring-3.0.2.jar;D:\software\mavenLocalRepository\com\github\xiaoymin\knife4j-annotations\3.0.2\knife4j-annotations-3.0.2.jar;D:\software\mavenLocalRepository\io\swagger\swagger-annotations\1.5.22\swagger-annotations-1.5.22.jar;D:\software\mavenLocalRepository\io\swagger\core\v3\swagger-annotations\2.1.2\swagger-annotations-2.1.2.jar;D:\software\mavenLocalRepository\com\github\xiaoymin\knife4j-core\3.0.2\knife4j-core-3.0.2.jar;D:\software\mavenLocalRepository\org\javassist\javassist\3.25.0-GA\javassist-3.25.0-GA.jar;D:\software\mavenLocalRepository\io\springfox\springfox-swagger2\3.0.0\springfox-swagger2-3.0.0.jar;D:\software\mavenLocalRepository\io\springfox\springfox-spi\3.0.0\springfox-spi-3.0.0.jar;D:\software\mavenLocalRepository\io\springfox\springfox-schema\3.0.0\springfox-schema-3.0.0.jar;D:\software\mavenLocalRepository\io\springfox\springfox-swagger-common\3.0.0\springfox-swagger-common-3.0.0.jar;D:\software\mavenLocalRepository\io\springfox\springfox-spring-web\3.0.0\springfox-spring-web-3.0.0.jar;D:\software\mavenLocalRepository\io\github\classgraph\classgraph\4.8.83\classgraph-4.8.83.jar;D:\software\mavenLocalRepository\io\springfox\springfox-spring-webflux\3.0.0\springfox-spring-webflux-3.0.0.jar;D:\software\mavenLocalRepository\org\mapstruct\mapstruct\1.3.1.Final\mapstruct-1.3.1.Final.jar;D:\software\mavenLocalRepository\io\springfox\springfox-spring-webmvc\3.0.0\springfox-spring-webmvc-3.0.0.jar;D:\software\mavenLocalRepository\io\springfox\springfox-core\3.0.0\springfox-core-3.0.0.jar;D:\software\mavenLocalRepository\io\springfox\springfox-oas\3.0.0\springfox-oas-3.0.0.jar;D:\software\mavenLocalRepository\io\swagger\core\v3\swagger-models\2.1.2\swagger-models-2.1.2.jar;D:\software\mavenLocalRepository\io\springfox\springfox-bean-validators\3.0.0\springfox-bean-validators-3.0.0.jar;D:\software\mavenLocalRepository\io\swagger\swagger-models\1.5.22\swagger-models-1.5.22.jar;D:\software\mavenLocalRepository\io\swagger\swagger-core\1.5.22\swagger-core-1.5.22.jar;D:\software\mavenLocalRepository\com\fasterxml\jackson\dataformat\jackson-dataformat-yaml\2.12.3\jackson-dataformat-yaml-2.12.3.jar;D:\software\mavenLocalRepository\com\google\guava\guava\27.0.1-android\guava-27.0.1-android.jar;D:\software\mavenLocalRepository\com\google\guava\failureaccess\1.0.1\failureaccess-1.0.1.jar;D:\software\mavenLocalRepository\com\google\guava\listenablefuture\9999.0-empty-to-avoid-conflict-with-guava\listenablefuture-9999.0-empty-to-avoid-conflict-with-guava.jar;D:\software\mavenLocalRepository\com\google\code\findbugs\jsr305\3.0.2\jsr305-3.0.2.jar;D:\software\mavenLocalRepository\org\checkerframework\checker-compat-qual\2.5.2\checker-compat-qual-2.5.2.jar;D:\software\mavenLocalRepository\com\google\errorprone\error_prone_annotations\2.2.0\error_prone_annotations-2.2.0.jar;D:\software\mavenLocalRepository\com\google\j2objc\j2objc-annotations\1.1\j2objc-annotations-1.1.jar;D:\software\mavenLocalRepository\org\codehaus\mojo\animal-sniffer-annotations\1.17\animal-sniffer-annotations-1.17.jar;D:\software\mavenLocalRepository\javax\validation\validation-api\2.0.1.Final\validation-api-2.0.1.Final.jar;D:\software\mavenLocalRepository\io\springfox\springfox-boot-starter\3.0.0\springfox-boot-starter-3.0.0.jar;D:\software\mavenLocalRepository\io\springfox\springfox-data-rest\3.0.0\springfox-data-rest-3.0.0.jar;D:\software\mavenLocalRepository\com\fasterxml\classmate\1.5.1\classmate-1.5.1.jar;D:\software\mavenLocalRepository\org\springframework\plugin\spring-plugin-core\2.0.0.RELEASE\spring-plugin-core-2.0.0.RELEASE.jar;D:\software\mavenLocalRepository\org\springframework\plugin\spring-plugin-metadata\2.0.0.RELEASE\spring-plugin-metadata-2.0.0.RELEASE.jar;D:\software\mavenLocalRepository\com\github\xiaoymin\knife4j-spring-ui\3.0.2\knife4j-spring-ui-3.0.2.jar;"/>
    <property name="sun.cpu.endian" value="little"/>
    <property name="user.home" value="C:\Users\Administrator"/>
    <property name="user.language" value="zh"/>
    <property name="java.specification.vendor" value="Oracle Corporation"/>
    <property name="java.home" value="D:\Java\jdk1.8.0_191\jre"/>
    <property name="basedir" value="D:\software\ideaworkspace\springboot_pe_2211"/>
    <property name="file.separator" value="\"/>
    <property name="line.separator" value="&#10;"/>
    <property name="idea.version2019.2.4" value="true"/>
    <property name="java.vm.specification.vendor" value="Oracle Corporation"/>
    <property name="java.specification.name" value="Java Platform API Specification"/>
    <property name="java.awt.graphicsenv" value="sun.awt.Win32GraphicsEnvironment"/>
    <property name="surefire.real.class.path" value="C:\Users\Administrator\AppData\Local\Temp\surefire8442702690247097670\surefirebooter9005902022851885744.jar"/>
    <property name="sun.boot.class.path" value="D:\Java\jdk1.8.0_191\jre\lib\resources.jar;D:\Java\jdk1.8.0_191\jre\lib\rt.jar;D:\Java\jdk1.8.0_191\jre\lib\sunrsasign.jar;D:\Java\jdk1.8.0_191\jre\lib\jsse.jar;D:\Java\jdk1.8.0_191\jre\lib\jce.jar;D:\Java\jdk1.8.0_191\jre\lib\charsets.jar;D:\Java\jdk1.8.0_191\jre\lib\jfr.jar;D:\Java\jdk1.8.0_191\jre\classes"/>
    <property name="user.script" value=""/>
    <property name="sun.management.compiler" value="HotSpot 64-Bit Tiered Compilers"/>
    <property name="java.runtime.version" value="1.8.0_191-b12"/>
    <property name="user.name" value="Administrator"/>
    <property name="path.separator" value=";"/>
    <property name="os.version" value="10.0"/>
    <property name="java.endorsed.dirs" value="D:\Java\jdk1.8.0_191\jre\lib\endorsed"/>
    <property name="java.runtime.name" value="Java(TM) SE Runtime Environment"/>
    <property name="file.encoding" value="GBK"/>
    <property name="java.vm.name" value="Java HotSpot(TM) 64-Bit Server VM"/>
    <property name="localRepository" value="D:\software\mavenLocalRepository"/>
    <property name="java.vendor.url.bug" value="http://bugreport.sun.com/bugreport/"/>
    <property name="java.io.tmpdir" value="C:\Users\Administrator\AppData\Local\Temp\"/>
    <property name="java.version" value="1.8.0_191"/>
    <property name="user.dir" value="D:\software\ideaworkspace\springboot_pe_2211"/>
    <property name="os.arch" value="amd64"/>
    <property name="java.vm.specification.name" value="Java Virtual Machine Specification"/>
    <property name="java.awt.printerjob" value="sun.awt.windows.WPrinterJob"/>
    <property name="sun.os.patch.level" value=""/>
    <property name="java.library.path" value="D:\Java\jdk1.8.0_191\jre\bin;C:\Windows\Sun\Java\bin;C:\Windows\system32;C:\Windows;C:\Program Files\Common Files\Oracle\Java\javapath;D:\Java\jdk1.8.0_191\bin;C:\Program Files (x86)\Common Files\Oracle\Java\javapath;C:\Program Files (x86)\VMware\VMware Workstation\bin\;C:\Windows\system32;C:\Windows;C:\Windows\System32\Wbem;C:\Windows\System32\WindowsPowerShell\v1.0\;C:\Windows\System32\OpenSSH\;C:\Windows\System32\Npcap;D:\mysql-5.7.12-winx64\bin;C:\Users\Administrator\AppData\Local\Microsoft\WindowsApps;;C:\Program Files\JetBrains\PyCharm Community Edition 2023.3.4\bin;;D:\software\Ollama;."/>
    <property name="java.vm.info" value="mixed mode"/>
    <property name="java.vendor" value="Oracle Corporation"/>
    <property name="java.vm.version" value="25.191-b12"/>
    <property name="java.ext.dirs" value="D:\Java\jdk1.8.0_191\jre\lib\ext;C:\Windows\Sun\Java\lib\ext"/>
    <property name="sun.io.unicode.encoding" value="UnicodeLittle"/>
    <property name="java.class.version" value="52.0"/>
  </properties>
  <testcase name="contextLoads" classname="com.wl.springboot_pe_2211.SpringbootPe2211ApplicationTests" time="0.497"/>
</testsuite>